0 info it worked if it ends with ok
1 verbose cli [ '/usr/bin/nodejs', '/usr/bin/npm', 'install', 'pm2' ]
2 info using npm@1.3.10
3 info using node@v0.10.25
4 warn package.json asap@1.0.0 No repository field.
5 warn package.json css@1.0.8 No repository field.
6 warn package.json css-parse@1.0.4 No repository field.
7 warn package.json css-stringify@1.0.5 No repository field.
8 warn package.json fontkit@1.8.0 No repository field.
9 warn package.json for-each-property@0.0.4 No repository field.
10 warn package.json for-each-property-deep@0.0.3 No repository field.
11 warn package.json inspect-function@0.2.2 No repository field.
12 warn package.json inspect-parameters-declaration@0.0.9 No repository field.
13 warn package.json inspect-property@0.0.6 No repository field.
14 warn package.json object-to-arguments@0.0.8 No repository field.
15 warn package.json split-skip@0.0.2 No repository field.
16 warn package.json stringify-parameters@0.0.4 No repository field.
17 warn package.json unpack-string@0.0.2 No repository field.
18 verbose readDependencies using package.json deps
19 verbose cache add [ 'pm2', null ]
20 verbose cache add name=undefined spec="pm2" args=["pm2",null]
21 verbose parsed url { protocol: null,
21 verbose parsed url   slashes: null,
21 verbose parsed url   auth: null,
21 verbose parsed url   host: null,
21 verbose parsed url   port: null,
21 verbose parsed url   hostname: null,
21 verbose parsed url   hash: null,
21 verbose parsed url   search: null,
21 verbose parsed url   query: null,
21 verbose parsed url   pathname: 'pm2',
21 verbose parsed url   path: 'pm2',
21 verbose parsed url   href: 'pm2' }
22 silly lockFile b1fbedd8-pm2 pm2
23 verbose lock pm2 /home/nandu/.npm/b1fbedd8-pm2.lock
24 silly lockFile b1fbedd8-pm2 pm2
25 silly lockFile b1fbedd8-pm2 pm2
26 verbose addNamed [ 'pm2', '' ]
27 verbose addNamed [ null, '*' ]
28 silly lockFile d1072219-pm2 pm2@
29 verbose lock pm2@ /home/nandu/.npm/d1072219-pm2.lock
30 silly addNameRange { name: 'pm2', range: '*', hasData: false }
31 verbose url raw pm2
32 verbose url resolving [ 'https://registry.npmjs.org/', './pm2' ]
33 verbose url resolved https://registry.npmjs.org/pm2
34 info trying registry request attempt 1 at 17:28:56
35 http GET https://registry.npmjs.org/pm2
36 info retry will retry, error on last attempt: Error: CERT_UNTRUSTED
37 info trying registry request attempt 2 at 17:29:06
38 http GET https://registry.npmjs.org/pm2
39 info retry will retry, error on last attempt: Error: CERT_UNTRUSTED
40 info trying registry request attempt 3 at 17:30:07
41 http GET https://registry.npmjs.org/pm2
42 silly lockFile d1072219-pm2 pm2@
43 silly lockFile d1072219-pm2 pm2@
44 error Error: CERT_UNTRUSTED
44 error     at SecurePair.<anonymous> (tls.js:1370:32)
44 error     at SecurePair.EventEmitter.emit (events.js:92:17)
44 error     at SecurePair.maybeInitFinished (tls.js:982:10)
44 error     at CleartextStream.read [as _read] (tls.js:469:13)
44 error     at CleartextStream.Readable.read (_stream_readable.js:320:10)
44 error     at EncryptedStream.write [as _write] (tls.js:366:25)
44 error     at doWrite (_stream_writable.js:223:10)
44 error     at writeOrBuffer (_stream_writable.js:213:5)
44 error     at EncryptedStream.Writable.write (_stream_writable.js:180:11)
44 error     at write (_stream_readable.js:583:24)
45 error If you need help, you may report this log at:
45 error     <http://github.com/isaacs/npm/issues>
45 error or email it to:
45 error     <npm-@googlegroups.com>
46 error System Linux 3.13.0-71-generic
47 error command "/usr/bin/nodejs" "/usr/bin/npm" "install" "pm2"
48 error cwd /home/nandu/code/camebridge
49 error node -v v0.10.25
50 error npm -v 1.3.10
51 verbose exit [ 1, true ]
